<?xml version="1.0" encoding="UTF-8"?>
<!-- Generated by org.testng.reporters.JUnitReportReporter -->
<testsuite skipped="0" hostname="DESKTOP-6O2J91O" name="tests.computer.BuyingCheapComputerTest" tests="3" failures="0" timestamp="2022-09-27T22:06:12 ICT" time="71.744" errors="0">
  <testcase name="testCheapComputerBuying" time="42.516" classname="tests.computer.BuyingCheapComputerTest"/>
  <system-out/>
  <testcase name="testCheapComputerBuying" time="14.367" classname="tests.computer.BuyingCheapComputerTest"/>
  <system-out/>
  <testcase name="testCheapComputerBuying" time="14.861" classname="tests.computer.BuyingCheapComputerTest"/>
  <system-out/>
</testsuite> <!-- tests.computer.BuyingCheapComputerTest -->
