<?xml version="1.0" encoding="UTF-8"?>
<!-- Generated by org.testng.reporters.JUnitReportReporter -->
<testsuite skipped="0" hostname="DESKTOP-6O2J91O" name="tests.testng.DataProviderComputerTest" tests="3" failures="0" timestamp="2022-09-27T21:56:43 ICT" time="0.007" errors="0">
  <testcase name="testDataProviderComputer" time="0.003" classname="tests.testng.DataProviderComputerTest"/>
  <system-out/>
  <testcase name="testDataProviderComputer" time="0.002" classname="tests.testng.DataProviderComputerTest"/>
  <system-out/>
  <testcase name="testDataProviderComputer" time="0.002" classname="tests.testng.DataProviderComputerTest"/>
  <system-out/>
</testsuite> <!-- tests.testng.DataProviderComputerTest -->
