<?xml version="1.0" encoding="UTF-8"?>
<!-- Generated by org.testng.reporters.JUnitReportReporter -->
<testsuite skipped="0" hostname="DESKTOP-6O2J91O" name="tests.computer.BuyingStandardComputerTest" tests="3" failures="0" timestamp="2022-09-27T22:06:12 ICT" time="70.553" errors="0">
  <testcase name="testStandardComputerBuying" time="43.648" classname="tests.computer.BuyingStandardComputerTest"/>
  <system-out/>
  <testcase name="testStandardComputerBuying" time="13.485" classname="tests.computer.BuyingStandardComputerTest"/>
  <system-out/>
  <testcase name="testStandardComputerBuying" time="13.420" classname="tests.computer.BuyingStandardComputerTest"/>
  <system-out/>
</testsuite> <!-- tests.computer.BuyingStandardComputerTest -->
